number,value,datetime_start,datetime_complete,duration,params_N_latent,params_Nh1,params_Nh2,params_Nh3,params_ch1,params_ch2,params_ch3,params_ch4,params_ks1,params_ks2,params_ks3,params_ks4,params_lr,params_ncl,params_nll,params_p1,params_p2,params_p3,params_padding1,params_padding2,params_padding3,params_padding4,params_patience,params_prune_every,params_pruning_amount1,params_pruning_amount2,params_pruning_amount3,params_pruning_amount4,params_stride1,params_stride2,params_stride3,params_stride4,params_train_batch_size,params_weight_decay,state
61,,2021-01-19 17:20:34.821798,,,10.0,24.0,,,7.0,16.0,24.0,56.0,3.0,2.0,4.0,4.0,0.00600348215868706,4.0,1.0,0.31862527245682526,,,1.0,0.0,2.0,2.0,14.0,6.0,0.47753128766637104,0.021779286563945392,0.1649851901823226,5.862575851511148e-05,1.0,1.0,1.0,2.0,367.0,0.00021514973918338826,RUNNING
62,,2021-01-19 17:23:31.198907,,,,,,,,,,,,,,,,,,,,,,,,,,,,,,,,,,,,,RUNNING
